Removed Pin From Net: NetName=P5V Pin=U2-1
Removed Pin From Net: NetName=NetJ3_3 Pin=U2-2
Removed Pin From Net: NetName=GND Pin=U2-3
Removed Pin From Net: NetName=P5V Pin=U3-1
Removed Pin From Net: NetName=GND Pin=U3-3
Removed Pin From Net: NetName=P5V Pin=U4-1
Removed Pin From Net: NetName=GND Pin=U4-3
Removed Pin From Net: NetName=P5V Pin=U5-1
Removed Pin From Net: NetName=GND Pin=U5-3
Removed Pin From Net: NetName=P5V Pin=U6-1
Removed Pin From Net: NetName=GND Pin=U6-3
Removed Pin From Net: NetName=P5V Pin=U7-1
Removed Pin From Net: NetName=GND Pin=U7-3
Removed Pin From Net: NetName=P5V Pin=U8-1
Removed Pin From Net: NetName=GND Pin=U8-3
Removed Pin From Net: NetName=NetD1_3 Pin=U9-1
Removed Pin From Net: NetName=GND Pin=U9-3
Removed Pin From Net: NetName=NetJ1_2 Pin=U9-4
Change Component DesignItemId : Designator=U2 Old DesignItemId=WS2812B New DesignItemId=WS2812
Change Component DesignItemId : Designator=U3 Old DesignItemId=WS2812B New DesignItemId=WS2812
Change Component DesignItemId : Designator=U4 Old DesignItemId=WS2812B New DesignItemId=WS2812
Change Component DesignItemId : Designator=U5 Old DesignItemId=WS2812B New DesignItemId=WS2812
Change Component DesignItemId : Designator=U6 Old DesignItemId=WS2812B New DesignItemId=WS2812
Change Component DesignItemId : Designator=U7 Old DesignItemId=WS2812B New DesignItemId=WS2812
Change Component DesignItemId : Designator=U8 Old DesignItemId=WS2812B New DesignItemId=WS2812
Change Component DesignItemId : Designator=U9 Old DesignItemId=WS2812B New DesignItemId=WS2812
Change Component Comment : Designator=U2 Old Comment=WS2812B New Comment=WS2812
Change Component Comment : Designator=U3 Old Comment=WS2812B New Comment=WS2812
Change Component Comment : Designator=U4 Old Comment=WS2812B New Comment=WS2812
Change Component Comment : Designator=U5 Old Comment=WS2812B New Comment=WS2812
Change Component Comment : Designator=U6 Old Comment=WS2812B New Comment=WS2812
Change Component Comment : Designator=U7 Old Comment=WS2812B New Comment=WS2812
Change Component Comment : Designator=U8 Old Comment=WS2812B New Comment=WS2812
Change Component Comment : Designator=U9 Old Comment=WS2812B New Comment=WS2812
Change Component Library : Designator=U2 Old Library=Other_IC.IntLib New Library=LEDLightRing.SCHLIB
Change Component Library : Designator=U3 Old Library=Other_IC.IntLib New Library=LEDLightRing.SCHLIB
Change Component Library : Designator=U4 Old Library=Other_IC.IntLib New Library=LEDLightRing.SCHLIB
Change Component Library : Designator=U5 Old Library=Other_IC.IntLib New Library=LEDLightRing.SCHLIB
Change Component Library : Designator=U6 Old Library=Other_IC.IntLib New Library=LEDLightRing.SCHLIB
Change Component Library : Designator=U7 Old Library=Other_IC.IntLib New Library=LEDLightRing.SCHLIB
Change Component Library : Designator=U8 Old Library=Other_IC.IntLib New Library=LEDLightRing.SCHLIB
Change Component Library : Designator=U9 Old Library=Other_IC.IntLib New Library=LEDLightRing.SCHLIB
Added Pin To Net: NetName=NetJ3_3 Pin=U2-1
Added Pin To Net: NetName=P5V Pin=U2-3
Added Pin To Net: NetName=P5V Pin=U3-3
Added Pin To Net: NetName=P5V Pin=U4-3
Added Pin To Net: NetName=P5V Pin=U5-3
Added Pin To Net: NetName=P5V Pin=U6-3
Added Pin To Net: NetName=P5V Pin=U7-3
Added Pin To Net: NetName=P5V Pin=U8-3
Added Pin To Net: NetName=NetJ1_2 Pin=U9-2
Added Pin To Net: NetName=NetD1_3 Pin=U9-3
Added Pin To Net: NetName=NetU2_2 Pin=U2-2
Added Pin To Net: NetName=NetU2_2 Pin=U3-1
Added Net: Name=NetU2_2
Added Pin To Net: NetName=NetU3_2 Pin=U3-2
Added Pin To Net: NetName=NetU3_2 Pin=U4-1
Added Net: Name=NetU3_2
Added Pin To Net: NetName=NetU4_2 Pin=U4-2
Added Pin To Net: NetName=NetU4_2 Pin=U5-1
Added Net: Name=NetU4_2
Added Pin To Net: NetName=NetU5_2 Pin=U5-2
Added Pin To Net: NetName=NetU5_2 Pin=U6-1
Added Net: Name=NetU5_2
Added Pin To Net: NetName=NetU6_2 Pin=U6-2
Added Pin To Net: NetName=NetU6_2 Pin=U7-1
Added Net: Name=NetU6_2
Added Pin To Net: NetName=NetU7_2 Pin=U7-2
Added Pin To Net: NetName=NetU7_2 Pin=U8-1
Added Net: Name=NetU7_2
Added Pin To Net: NetName=NetU8_2 Pin=U8-2
Added Pin To Net: NetName=NetU8_2 Pin=U9-1
Added Net: Name=NetU8_2
