Added Pin To Net: NetName=GND Pin=C1-2
Added Pin To Net: NetName=GND Pin=J2-2
Added Pin To Net: NetName=GND Pin=J2-3
Added Pin To Net: NetName=GND Pin=J3-4
Added Pin To Net: NetName=GND Pin=J4-1
Added Pin To Net: NetName=GND Pin=J5-3
Added Pin To Net: NetName=GND Pin=R2-1
Added Pin To Net: NetName=GND Pin=SW1-1
Added Pin To Net: NetName=GND Pin=U1-2
Added Pin To Net: NetName=GND Pin=U2-6
Added Pin To Net: NetName=GND Pin=U3-6
Added Pin To Net: NetName=GND Pin=U4-6
Added Pin To Net: NetName=GND Pin=U5-6
Added Pin To Net: NetName=GND Pin=U6-6
Added Pin To Net: NetName=GND Pin=U7-6
Added Pin To Net: NetName=GND Pin=U8-6
Added Pin To Net: NetName=GND Pin=U9-6
Added Pin To Net: NetName=GND Pin=U10-8
Added Net: Name=GND
Added Pin To Net: NetName=NetD1_3 Pin=D1-3
Added Pin To Net: NetName=NetD1_3 Pin=U9-3
Added Pin To Net: NetName=NetD1_3 Pin=U9-5
Added Net: Name=NetD1_3
Added Pin To Net: NetName=NetJ1_1 Pin=J1-1
Added Pin To Net: NetName=NetJ1_1 Pin=U10-4
Added Net: Name=NetJ1_1
Added Pin To Net: NetName=NetJ1_2 Pin=J1-2
Added Pin To Net: NetName=NetJ1_2 Pin=U9-2
Added Net: Name=NetJ1_2
Added Pin To Net: NetName=NetJ1_3 Pin=J1-3
Added Pin To Net: NetName=NetJ1_3 Pin=J4-2
Added Net: Name=NetJ1_3
Added Pin To Net: NetName=NetJ3_2 Pin=J3-2
Added Pin To Net: NetName=NetJ3_2 Pin=J4-3
Added Pin To Net: NetName=NetJ3_2 Pin=U10-5
Added Net: Name=NetJ3_2
Added Pin To Net: NetName=NetJ3_3 Pin=J3-3
Added Pin To Net: NetName=NetJ3_3 Pin=U2-1
Added Net: Name=NetJ3_3
Added Pin To Net: NetName=NetJ5_1 Pin=J5-1
Added Pin To Net: NetName=NetJ5_1 Pin=U10-6
Added Net: Name=NetJ5_1
Added Pin To Net: NetName=NetJ5_2 Pin=J5-2
Added Pin To Net: NetName=NetJ5_2 Pin=U10-7
Added Net: Name=NetJ5_2
Added Pin To Net: NetName=NetR1_2 Pin=R1-2
Added Pin To Net: NetName=NetR1_2 Pin=SW1-2
Added Pin To Net: NetName=NetR1_2 Pin=U10-3
Added Net: Name=NetR1_2
Added Pin To Net: NetName=NetU2_2 Pin=U2-2
Added Pin To Net: NetName=NetU2_2 Pin=U3-1
Added Net: Name=NetU2_2
Added Pin To Net: NetName=NetU3_2 Pin=U3-2
Added Pin To Net: NetName=NetU3_2 Pin=U4-1
Added Net: Name=NetU3_2
Added Pin To Net: NetName=NetU4_2 Pin=U4-2
Added Pin To Net: NetName=NetU4_2 Pin=U5-1
Added Net: Name=NetU4_2
Added Pin To Net: NetName=NetU5_2 Pin=U5-2
Added Pin To Net: NetName=NetU5_2 Pin=U6-1
Added Net: Name=NetU5_2
Added Pin To Net: NetName=NetU6_2 Pin=U6-2
Added Pin To Net: NetName=NetU6_2 Pin=U7-1
Added Net: Name=NetU6_2
Added Pin To Net: NetName=NetU7_2 Pin=U7-2
Added Pin To Net: NetName=NetU7_2 Pin=U8-1
Added Net: Name=NetU7_2
Added Pin To Net: NetName=NetU8_2 Pin=U8-2
Added Pin To Net: NetName=NetU8_2 Pin=U9-1
Added Net: Name=NetU8_2
Added Pin To Net: NetName=P3V3 Pin=C1-1
Added Pin To Net: NetName=P3V3 Pin=R1-1
Added Pin To Net: NetName=P3V3 Pin=R1-1
Added Pin To Net: NetName=P3V3 Pin=R2-3
Added Pin To Net: NetName=P3V3 Pin=U1-5
Added Pin To Net: NetName=P3V3 Pin=U10-1
Added Net: Name=P3V3
Added Pin To Net: NetName=P5V Pin=D1-1
Added Pin To Net: NetName=P5V Pin=J2-1
Added Pin To Net: NetName=P5V Pin=J3-1
Added Pin To Net: NetName=P5V Pin=J4-4
Added Pin To Net: NetName=P5V Pin=U1-1
Added Pin To Net: NetName=P5V Pin=U1-3
Added Pin To Net: NetName=P5V Pin=U2-3
Added Pin To Net: NetName=P5V Pin=U2-5
Added Pin To Net: NetName=P5V Pin=U3-3
Added Pin To Net: NetName=P5V Pin=U3-5
Added Pin To Net: NetName=P5V Pin=U4-3
Added Pin To Net: NetName=P5V Pin=U4-5
Added Pin To Net: NetName=P5V Pin=U5-3
Added Pin To Net: NetName=P5V Pin=U5-5
Added Pin To Net: NetName=P5V Pin=U6-3
Added Pin To Net: NetName=P5V Pin=U6-5
Added Pin To Net: NetName=P5V Pin=U7-3
Added Pin To Net: NetName=P5V Pin=U7-5
Added Pin To Net: NetName=P5V Pin=U8-3
Added Pin To Net: NetName=P5V Pin=U8-5
Added Net: Name=P5V
Added Class: Name=Header
Added Class: Name=LEDLightRing
